[debug] [2026-06-14T12:01:07.173Z] ----------------------------------------------------------------------
[debug] [2026-06-14T12:01:07.174Z] Command:       /Users/staicugeorge/.nvm/versions/node/v22.22.0/bin/node /Users/staicugeorge/.nvm/versions/node/v22.22.0/bin/firebase projects:list
[debug] [2026-06-14T12:01:07.174Z] CLI Version:   15.19.1
[debug] [2026-06-14T12:01:07.174Z] Platform:      darwin
[debug] [2026-06-14T12:01:07.174Z] Node Version:  v22.22.0
[debug] [2026-06-14T12:01:07.174Z] Time:          Sun Jun 14 2026 13:01:07 GMT+0100 (British Summer Time)
[debug] [2026-06-14T12:01:07.174Z] ----------------------------------------------------------------------
[debug] 
[debug] [2026-06-14T12:01:07.175Z] >>> [apiv2][query] GET https://firebase-public.firebaseio.com/cli.json [none]
[debug] [2026-06-14T12:01:07.186Z] > command requires scopes: ["email","openid","https://www.googleapis.com/auth/cloudplatformprojects.readonly","https://www.googleapis.com/auth/firebase","https://www.googleapis.com/auth/cloud-platform"]
[debug] [2026-06-14T12:01:07.186Z] > authorizing via signed-in user (support@getwelink.app)
[debug] [2026-06-14T12:01:07.187Z] Checked if tokens are valid: false, expires at: 1780764951730
[debug] [2026-06-14T12:01:07.187Z] Checked if tokens are valid: false, expires at: 1780764951730
[debug] [2026-06-14T12:01:07.187Z] > refreshing access token with scopes: []
[debug] [2026-06-14T12:01:07.187Z] >>> [apiv2][query] POST https://www.googleapis.com/oauth2/v3/token [none]
[debug] [2026-06-14T12:01:07.187Z] >>> [apiv2][body] POST https://www.googleapis.com/oauth2/v3/token [omitted]
[debug] [2026-06-14T12:01:07.278Z] <<< [apiv2][status] POST https://www.googleapis.com/oauth2/v3/token 400
[debug] [2026-06-14T12:01:07.278Z] <<< [apiv2][body] POST https://www.googleapis.com/oauth2/v3/token [omitted]
[error] Authentication Error: Your credentials are no longer valid. Please run firebase login --reauth

For CI servers and headless environments, generate a new token with firebase login:ci
[error] Authentication Error: Your credentials are no longer valid. Please run firebase login --reauth

For CI servers and headless environments, generate a new token with firebase login:ci
[debug] [2026-06-14T12:01:07.279Z] Authentication Error: Your credentials are no longer valid. Please run firebase login --reauth

For CI servers and headless environments, generate a new token with firebase login:ci
[debug] [2026-06-14T12:01:07.338Z] FirebaseError: Authentication Error: Your credentials are no longer valid. Please run firebase login --reauth

For CI servers and headless environments, generate a new token with firebase login:ci
    at invalidCredentialError (/Users/staicugeorge/.nvm/versions/node/v22.22.0/lib/node_modules/firebase-tools/lib/auth.js:177:12)
    at refreshTokens (/Users/staicugeorge/.nvm/versions/node/v22.22.0/lib/node_modules/firebase-tools/lib/auth.js:590:15)
    at process.processTicksAndRejections (node:internal/process/task_queues:105:5)
    at async getAccessToken (/Users/staicugeorge/.nvm/versions/node/v22.22.0/lib/node_modules/firebase-tools/lib/apiv2.js:52:18)
    at async Client.addAuthHeader (/Users/staicugeorge/.nvm/versions/node/v22.22.0/lib/node_modules/firebase-tools/lib/apiv2.js:182:21)
    at async Client.request (/Users/staicugeorge/.nvm/versions/node/v22.22.0/lib/node_modules/firebase-tools/lib/apiv2.js:129:34)
    at async getProjectPage (/Users/staicugeorge/.nvm/versions/node/v22.22.0/lib/node_modules/firebase-tools/lib/management/projects.js:287:17)
    at async getFirebaseProjectPage (/Users/staicugeorge/.nvm/versions/node/v22.22.0/lib/node_modules/firebase-tools/lib/management/projects.js:304:23)
    at async listFirebaseProjects (/Users/staicugeorge/.nvm/versions/node/v22.22.0/lib/node_modules/firebase-tools/lib/management/projects.js:333:29)
    at async Command.actionFn (/Users/staicugeorge/.nvm/versions/node/v22.22.0/lib/node_modules/firebase-tools/lib/commands/projects-list.js:51:20)
[error] 
[error] Error: Failed to list Firebase projects. See firebase-debug.log for more info.
[debug] [2026-06-14T12:01:07.431Z] <<< [apiv2][status] GET https://firebase-public.firebaseio.com/cli.json 200
[debug] [2026-06-14T12:01:07.431Z] <<< [apiv2][body] GET https://firebase-public.firebaseio.com/cli.json {"cloudBuildErrorAfter":1594252800000,"cloudBuildWarnAfter":1590019200000,"defaultNode10After":1594252800000,"minVersion":"3.0.5","node8DeploysDisabledAfter":1613390400000,"node8RuntimeDisabledAfter":1615809600000,"node8WarnAfter":1600128000000}
